  Source.cpp
E:\TR\GrafkomG-SA2020-TR1\GrafkomG-SA2020-TR1\Source.cpp(879,27): warning C4244: 'argument': conversion from 'int' to 'GLfloat', possible loss of data
E:\TR\GrafkomG-SA2020-TR1\GrafkomG-SA2020-TR1\Source.cpp(879,23): warning C4244: 'argument': conversion from 'int' to 'GLfloat', possible loss of data
E:\TR\GrafkomG-SA2020-TR1\GrafkomG-SA2020-TR1\Source.cpp(879,19): warning C4244: 'argument': conversion from 'int' to 'GLfloat', possible loss of data
E:\TR\GrafkomG-SA2020-TR1\GrafkomG-SA2020-TR1\Source.cpp(879,12): warning C4244: 'argument': conversion from 'int' to 'GLfloat', possible loss of data
E:\TR\GrafkomG-SA2020-TR1\GrafkomG-SA2020-TR1\Source.cpp(1053,24): warning C4305: 'argument': truncation from 'double' to 'GLfloat'
E:\TR\GrafkomG-SA2020-TR1\GrafkomG-SA2020-TR1\Source.cpp(1067,24): warning C4305: 'argument': truncation from 'double' to 'GLfloat'
E:\TR\GrafkomG-SA2020-TR1\GrafkomG-SA2020-TR1\Source.cpp(1077,24): warning C4305: 'argument': truncation from 'double' to 'GLfloat'
E:\TR\GrafkomG-SA2020-TR1\GrafkomG-SA2020-TR1\Source.cpp(1091,24): warning C4305: 'argument': truncation from 'double' to 'GLfloat'
E:\TR\GrafkomG-SA2020-TR1\GrafkomG-SA2020-TR1\Source.cpp(1101,24): warning C4305: 'argument': truncation from 'double' to 'GLfloat'
E:\TR\GrafkomG-SA2020-TR1\GrafkomG-SA2020-TR1\Source.cpp(1115,24): warning C4305: 'argument': truncation from 'double' to 'GLfloat'
E:\TR\GrafkomG-SA2020-TR1\GrafkomG-SA2020-TR1\Source.cpp(1125,24): warning C4305: 'argument': truncation from 'double' to 'GLfloat'
E:\TR\GrafkomG-SA2020-TR1\GrafkomG-SA2020-TR1\Source.cpp(1139,24): warning C4305: 'argument': truncation from 'double' to 'GLfloat'
E:\TR\GrafkomG-SA2020-TR1\GrafkomG-SA2020-TR1\Source.cpp(1149,24): warning C4305: 'argument': truncation from 'double' to 'GLfloat'
E:\TR\GrafkomG-SA2020-TR1\GrafkomG-SA2020-TR1\Source.cpp(1163,24): warning C4305: 'argument': truncation from 'double' to 'GLfloat'
E:\TR\GrafkomG-SA2020-TR1\GrafkomG-SA2020-TR1\Source.cpp(1173,24): warning C4305: 'argument': truncation from 'double' to 'GLfloat'
E:\TR\GrafkomG-SA2020-TR1\GrafkomG-SA2020-TR1\Source.cpp(1187,24): warning C4305: 'argument': truncation from 'double' to 'GLfloat'
E:\TR\GrafkomG-SA2020-TR1\GrafkomG-SA2020-TR1\Source.cpp(1197,24): warning C4305: 'argument': truncation from 'double' to 'GLfloat'
E:\TR\GrafkomG-SA2020-TR1\GrafkomG-SA2020-TR1\Source.cpp(1211,24): warning C4305: 'argument': truncation from 'double' to 'GLfloat'
E:\TR\GrafkomG-SA2020-TR1\GrafkomG-SA2020-TR1\Source.cpp(1223,24): warning C4305: 'argument': truncation from 'double' to 'GLfloat'
E:\TR\GrafkomG-SA2020-TR1\GrafkomG-SA2020-TR1\Source.cpp(1228,24): warning C4305: 'argument': truncation from 'double' to 'GLfloat'
E:\TR\GrafkomG-SA2020-TR1\GrafkomG-SA2020-TR1\Source.cpp(1233,24): warning C4305: 'argument': truncation from 'double' to 'GLfloat'
E:\TR\GrafkomG-SA2020-TR1\GrafkomG-SA2020-TR1\Source.cpp(1238,24): warning C4305: 'argument': truncation from 'double' to 'GLfloat'
E:\TR\GrafkomG-SA2020-TR1\GrafkomG-SA2020-TR1\Source.cpp(1299,26): warning C4305: 'argument': truncation from 'double' to 'GLfloat'
E:\TR\GrafkomG-SA2020-TR1\GrafkomG-SA2020-TR1\Source.cpp(1303,26): warning C4305: 'argument': truncation from 'double' to 'GLfloat'
  Generating code
  7 of 23 functions (30.4%) were compiled, the rest were copied from previous compilation.
    4 functions were new in current compilation
    0 functions had inline decision re-evaluated but remain unchanged
  Finished generating code
  GrafkomG-SA2020-TR1.vcxproj -> E:\TR\GrafkomG-SA2020-TR1\x64\Release\GrafkomG-SA2020-TR1.exe
